running egg_info
creating ../build/exercise31_pkg/exercise31_pkg.egg-info
writing ../build/exercise31_pkg/exercise31_pkg.egg-info/PKG-INFO
writing dependency_links to ../build/exercise31_pkg/exercise31_pkg.egg-info/dependency_links.txt
writing entry points to ../build/exercise31_pkg/exercise31_pkg.egg-info/entry_points.txt
writing requirements to ../build/exercise31_pkg/exercise31_pkg.egg-info/requires.txt
writing top-level names to ../build/exercise31_pkg/exercise31_pkg.egg-info/top_level.txt
writing manifest file '../build/exercise31_pkg/exercise31_pkg.egg-info/SOURCES.txt'
reading manifest file '../build/exercise31_pkg/exercise31_pkg.egg-info/SOURCES.txt'
writing manifest file '../build/exercise31_pkg/exercise31_pkg.egg-info/SOURCES.txt'
running build
running build_py
creating /home/user/ros2_ws/build/exercise31_pkg/build
creating /home/user/ros2_ws/build/exercise31_pkg/build/lib
creating /home/user/ros2_ws/build/exercise31_pkg/build/lib/exercise31_pkg
copying exercise31_pkg/__init__.py -> /home/user/ros2_ws/build/exercise31_pkg/build/lib/exercise31_pkg
copying exercise31_pkg/exercise31.py -> /home/user/ros2_ws/build/exercise31_pkg/build/lib/exercise31_pkg
running install
running install_lib
creating /home/user/ros2_ws/install/exercise31_pkg/lib/python3.10/site-packages/exercise31_pkg
copying /home/user/ros2_ws/build/exercise31_pkg/build/lib/exercise31_pkg/__init__.py -> /home/user/ros2_ws/install/exercise31_pkg/lib/python3.10/site-packages/exercise31_pkg
copying /home/user/ros2_ws/build/exercise31_pkg/build/lib/exercise31_pkg/exercise31.py -> /home/user/ros2_ws/install/exercise31_pkg/lib/python3.10/site-packages/exercise31_pkg
byte-compiling /home/user/ros2_ws/install/exercise31_pkg/lib/python3.10/site-packages/exercise31_pkg/__init__.py to __init__.cpython-310.pyc
byte-compiling /home/user/ros2_ws/install/exercise31_pkg/lib/python3.10/site-packages/exercise31_pkg/exercise31.py to exercise31.cpython-310.pyc
running install_data
creating /home/user/ros2_ws/install/exercise31_pkg/share/ament_index
creating /home/user/ros2_ws/install/exercise31_pkg/share/ament_index/resource_index
creating /home/user/ros2_ws/install/exercise31_pkg/share/ament_index/resource_index/packages
copying resource/exercise31_pkg -> /home/user/ros2_ws/install/exercise31_pkg/share/ament_index/resource_index/packages
copying package.xml -> /home/user/ros2_ws/install/exercise31_pkg/share/exercise31_pkg
running install_egg_info
Copying ../build/exercise31_pkg/exercise31_pkg.egg-info to /home/user/ros2_ws/install/exercise31_pkg/lib/python3.10/site-packages/exercise31_pkg-0.0.0-py3.10.egg-info
running install_scripts
writing list of installed files to '/home/user/ros2_ws/build/exercise31_pkg/install.log'
