[1.415s] Invoking command in '/home/user/ros2_ws/exercise31_pkg': PYTHONPATH=/home/user/ros2_ws/build/exercise31_pkg/prefix_override:/home/user/ros2_ws/install/exercise31_pkg/lib/python3.10/site-packages:${PYTHONPATH} _=/usr/bin/env /usr/bin/python3 setup.py egg_info --egg-base ../build/exercise31_pkg build --build-base /home/user/ros2_ws/build/exercise31_pkg/build install --record /home/user/ros2_ws/build/exercise31_pkg/install.log --single-version-externally-managed
[2.072s] running egg_info
[2.073s] creating ../build/exercise31_pkg/exercise31_pkg.egg-info
[2.073s] writing ../build/exercise31_pkg/exercise31_pkg.egg-info/PKG-INFO
[2.074s] writing dependency_links to ../build/exercise31_pkg/exercise31_pkg.egg-info/dependency_links.txt
[2.074s] writing entry points to ../build/exercise31_pkg/exercise31_pkg.egg-info/entry_points.txt
[2.074s] writing requirements to ../build/exercise31_pkg/exercise31_pkg.egg-info/requires.txt
[2.074s] writing top-level names to ../build/exercise31_pkg/exercise31_pkg.egg-info/top_level.txt
[2.074s] writing manifest file '../build/exercise31_pkg/exercise31_pkg.egg-info/SOURCES.txt'
[2.077s] reading manifest file '../build/exercise31_pkg/exercise31_pkg.egg-info/SOURCES.txt'
[2.079s] writing manifest file '../build/exercise31_pkg/exercise31_pkg.egg-info/SOURCES.txt'
[2.079s] running build
[2.079s] running build_py
[2.080s] creating /home/user/ros2_ws/build/exercise31_pkg/build
[2.080s] creating /home/user/ros2_ws/build/exercise31_pkg/build/lib
[2.080s] creating /home/user/ros2_ws/build/exercise31_pkg/build/lib/exercise31_pkg
[2.080s] copying exercise31_pkg/__init__.py -> /home/user/ros2_ws/build/exercise31_pkg/build/lib/exercise31_pkg
[2.081s] copying exercise31_pkg/exercise31.py -> /home/user/ros2_ws/build/exercise31_pkg/build/lib/exercise31_pkg
[2.081s] running install
[2.081s] running install_lib
[2.082s] creating /home/user/ros2_ws/install/exercise31_pkg/lib/python3.10/site-packages/exercise31_pkg
[2.083s] copying /home/user/ros2_ws/build/exercise31_pkg/build/lib/exercise31_pkg/__init__.py -> /home/user/ros2_ws/install/exercise31_pkg/lib/python3.10/site-packages/exercise31_pkg
[2.083s] copying /home/user/ros2_ws/build/exercise31_pkg/build/lib/exercise31_pkg/exercise31.py -> /home/user/ros2_ws/install/exercise31_pkg/lib/python3.10/site-packages/exercise31_pkg
[2.084s] byte-compiling /home/user/ros2_ws/install/exercise31_pkg/lib/python3.10/site-packages/exercise31_pkg/__init__.py to __init__.cpython-310.pyc
[2.084s] byte-compiling /home/user/ros2_ws/install/exercise31_pkg/lib/python3.10/site-packages/exercise31_pkg/exercise31.py to exercise31.cpython-310.pyc
[2.085s] running install_data
[2.086s] creating /home/user/ros2_ws/install/exercise31_pkg/share/ament_index
[2.087s] creating /home/user/ros2_ws/install/exercise31_pkg/share/ament_index/resource_index
[2.087s] creating /home/user/ros2_ws/install/exercise31_pkg/share/ament_index/resource_index/packages
[2.088s] copying resource/exercise31_pkg -> /home/user/ros2_ws/install/exercise31_pkg/share/ament_index/resource_index/packages
[2.088s] copying package.xml -> /home/user/ros2_ws/install/exercise31_pkg/share/exercise31_pkg
[2.088s] running install_egg_info
[2.090s] Copying ../build/exercise31_pkg/exercise31_pkg.egg-info to /home/user/ros2_ws/install/exercise31_pkg/lib/python3.10/site-packages/exercise31_pkg-0.0.0-py3.10.egg-info
[2.092s] running install_scripts
[2.133s] writing list of installed files to '/home/user/ros2_ws/build/exercise31_pkg/install.log'
[2.183s] Invoked command in '/home/user/ros2_ws/exercise31_pkg' returned '0': PYTHONPATH=/home/user/ros2_ws/build/exercise31_pkg/prefix_override:/home/user/ros2_ws/install/exercise31_pkg/lib/python3.10/site-packages:${PYTHONPATH} _=/usr/bin/env /usr/bin/python3 setup.py egg_info --egg-base ../build/exercise31_pkg build --build-base /home/user/ros2_ws/build/exercise31_pkg/build install --record /home/user/ros2_ws/build/exercise31_pkg/install.log --single-version-externally-managed
