running egg_info
writing ../build/exercise31_pkg/exercise31_pkg.egg-info/PKG-INFO
writing dependency_links to ../build/exercise31_pkg/exercise31_pkg.egg-info/dependency_links.txt
writing entry points to ../build/exercise31_pkg/exercise31_pkg.egg-info/entry_points.txt
writing requirements to ../build/exercise31_pkg/exercise31_pkg.egg-info/requires.txt
writing top-level names to ../build/exercise31_pkg/exercise31_pkg.egg-info/top_level.txt
reading manifest file '../build/exercise31_pkg/exercise31_pkg.egg-info/SOURCES.txt'
writing manifest file '../build/exercise31_pkg/exercise31_pkg.egg-info/SOURCES.txt'
running build
running build_py
running install
running install_lib
running install_data
copying launch/exercise31_pkg_launch_file.launch.py -> /home/user/ros2_ws/install/exercise31_pkg/share/exercise31_pkg
running install_egg_info
removing '/home/user/ros2_ws/install/exercise31_pkg/lib/python3.10/site-packages/exercise31_pkg-0.0.0-py3.10.egg-info' (and everything under it)
Copying ../build/exercise31_pkg/exercise31_pkg.egg-info to /home/user/ros2_ws/install/exercise31_pkg/lib/python3.10/site-packages/exercise31_pkg-0.0.0-py3.10.egg-info
running install_scripts
Installing exercise31 script to /home/user/ros2_ws/install/exercise31_pkg/lib/exercise31_pkg
writing list of installed files to '/home/user/ros2_ws/build/exercise31_pkg/install.log'
