[1.073s] DEBUG:colcon:Command line arguments: ['/usr/bin/colcon', 'build', '--packages-select', 'exercise31_pkg']
[1.073s] DEBUG:colcon:Parsed command line arguments: Namespace(log_base=None, log_level=None, verb_name='build', build_base='build', install_base='install', merge_install=False, symlink_install=False, test_result_base=None, continue_on_error=False, executor='parallel', parallel_workers=8, event_handlers=None, ignore_user_meta=False, metas=['./colcon.meta'], base_paths=['.'], packages_ignore=None, packages_ignore_regex=None, paths=None, packages_up_to=None, packages_up_to_regex=None, packages_above=None, packages_above_and_dependencies=None, packages_above_depth=None, packages_select_by_dep=None, packages_skip_by_dep=None, packages_skip_up_to=None, packages_select_build_failed=False, packages_skip_build_finished=False, packages_select_test_failures=False, packages_skip_test_passed=False, packages_select=['exercise31_pkg'], packages_skip=None, packages_select_regex=None, packages_skip_regex=None, packages_start=None, packages_end=None, allow_overriding=[], cmake_args=None, cmake_target=None, cmake_target_skip_unavailable=False, cmake_clean_cache=False, cmake_clean_first=False, cmake_force_configure=False, meson_args=[], ament_cmake_args=None, catkin_cmake_args=None, catkin_skip_building_tests=False, mixin_files=None, mixin=None, verb_parser=<colcon_alias.argument_parser.alias.AliasArgumentDecorator object at 0x7f93baecd9f0>, verb_extension=<colcon_core.verb.build.BuildVerb object at 0x7f93baecccd0>, main=<bound method BuildVerb.main of <colcon_core.verb.build.BuildVerb object at 0x7f93baecccd0>>, mixin_verb=('build',))
[1.119s] Level 1:colcon.colcon_core.package_discovery:discover_packages(colcon_meta) check parameters
[1.120s] Level 1:colcon.colcon_core.package_discovery:discover_packages(recursive) check parameters
[1.120s] Level 1:colcon.colcon_core.package_discovery:discover_packages(ignore) check parameters
[1.120s] Level 1:colcon.colcon_core.package_discovery:discover_packages(path) check parameters
[1.120s] Level 1:colcon.colcon_core.package_discovery:discover_packages(colcon_meta) discover
[1.121s] Level 1:colcon.colcon_core.package_discovery:discover_packages(recursive) discover
[1.121s] INFO:colcon.colcon_core.package_discovery:Crawling recursively for packages in '/home/user/ros2_ws'
[1.122s] Level 1:colcon.colcon_core.package_identification:_identify(.) by extensions ['ignore', 'ignore_ament_install']
[1.122s] Level 1:colcon.colcon_core.package_identification:_identify(.) by extension 'ignore'
[1.122s] Level 1:colcon.colcon_core.package_identification:_identify(.) by extension 'ignore_ament_install'
[1.122s] Level 1:colcon.colcon_core.package_identification:_identify(.) by extensions ['colcon_pkg']
[1.122s] Level 1:colcon.colcon_core.package_identification:_identify(.) by extension 'colcon_pkg'
[1.122s] Level 1:colcon.colcon_core.package_identification:_identify(.) by extensions ['colcon_meta']
[1.122s] Level 1:colcon.colcon_core.package_identification:_identify(.) by extension 'colcon_meta'
[1.122s] Level 1:colcon.colcon_core.package_identification:_identify(.) by extensions ['ros']
[1.123s] Level 1:colcon.colcon_core.package_identification:_identify(.) by extension 'ros'
[1.143s] Level 1:colcon.colcon_core.package_identification:_identify(.) by extensions ['cmake', 'meson', 'python']
[1.143s] Level 1:colcon.colcon_core.package_identification:_identify(.) by extension 'cmake'
[1.143s] Level 1:colcon.colcon_core.package_identification:_identify(.) by extension 'meson'
[1.143s] Level 1:colcon.colcon_core.package_identification:_identify(.) by extension 'python'
[1.143s] Level 1:colcon.colcon_core.package_identification:_identify(.) by extensions ['python_setup_py']
[1.143s] Level 1:colcon.colcon_core.package_identification:_identify(.) by extension 'python_setup_py'
[1.144s] Level 1:colcon.colcon_core.package_identification:_identify(build) by extensions ['ignore', 'ignore_ament_install']
[1.144s] Level 1:colcon.colcon_core.package_identification:_identify(build) by extension 'ignore'
[1.144s] Level 1:colcon.colcon_core.package_identification:_identify(build) ignored
[1.144s] Level 1:colcon.colcon_core.package_identification:_identify(exercise31_pkg) by extensions ['ignore', 'ignore_ament_install']
[1.144s] Level 1:colcon.colcon_core.package_identification:_identify(exercise31_pkg) by extension 'ignore'
[1.145s] Level 1:colcon.colcon_core.package_identification:_identify(exercise31_pkg) by extension 'ignore_ament_install'
[1.145s] Level 1:colcon.colcon_core.package_identification:_identify(exercise31_pkg) by extensions ['colcon_pkg']
[1.145s] Level 1:colcon.colcon_core.package_identification:_identify(exercise31_pkg) by extension 'colcon_pkg'
[1.145s] Level 1:colcon.colcon_core.package_identification:_identify(exercise31_pkg) by extensions ['colcon_meta']
[1.145s] Level 1:colcon.colcon_core.package_identification:_identify(exercise31_pkg) by extension 'colcon_meta'
[1.145s] Level 1:colcon.colcon_core.package_identification:_identify(exercise31_pkg) by extensions ['ros']
[1.145s] Level 1:colcon.colcon_core.package_identification:_identify(exercise31_pkg) by extension 'ros'
[1.150s] DEBUG:colcon.colcon_core.package_identification:Package 'exercise31_pkg' with type 'ros.ament_python' and name 'exercise31_pkg'
[1.150s] Level 1:colcon.colcon_core.package_identification:_identify(install) by extensions ['ignore', 'ignore_ament_install']
[1.151s] Level 1:colcon.colcon_core.package_identification:_identify(install) by extension 'ignore'
[1.151s] Level 1:colcon.colcon_core.package_identification:_identify(install) ignored
[1.151s] Level 1:colcon.colcon_core.package_identification:_identify(log) by extensions ['ignore', 'ignore_ament_install']
[1.151s] Level 1:colcon.colcon_core.package_identification:_identify(log) by extension 'ignore'
[1.151s] Level 1:colcon.colcon_core.package_identification:_identify(log) ignored
[1.151s] Level 1:colcon.colcon_core.package_identification:_identify(publisher_pkg) by extensions ['ignore', 'ignore_ament_install']
[1.152s] Level 1:colcon.colcon_core.package_identification:_identify(publisher_pkg) by extension 'ignore'
[1.152s] Level 1:colcon.colcon_core.package_identification:_identify(publisher_pkg) by extension 'ignore_ament_install'
[1.152s] Level 1:colcon.colcon_core.package_identification:_identify(publisher_pkg) by extensions ['colcon_pkg']
[1.152s] Level 1:colcon.colcon_core.package_identification:_identify(publisher_pkg) by extension 'colcon_pkg'
[1.152s] Level 1:colcon.colcon_core.package_identification:_identify(publisher_pkg) by extensions ['colcon_meta']
[1.152s] Level 1:colcon.colcon_core.package_identification:_identify(publisher_pkg) by extension 'colcon_meta'
[1.152s] Level 1:colcon.colcon_core.package_identification:_identify(publisher_pkg) by extensions ['ros']
[1.152s] Level 1:colcon.colcon_core.package_identification:_identify(publisher_pkg) by extension 'ros'
[1.154s] DEBUG:colcon.colcon_core.package_identification:Package 'publisher_pkg' with type 'ros.ament_python' and name 'publisher_pkg'
[1.154s] Level 1:colcon.colcon_core.package_identification:_identify(src) by extensions ['ignore', 'ignore_ament_install']
[1.154s] Level 1:colcon.colcon_core.package_identification:_identify(src) by extension 'ignore'
[1.154s] Level 1:colcon.colcon_core.package_identification:_identify(src) by extension 'ignore_ament_install'
[1.154s] Level 1:colcon.colcon_core.package_identification:_identify(src) by extensions ['colcon_pkg']
[1.154s] Level 1:colcon.colcon_core.package_identification:_identify(src) by extension 'colcon_pkg'
[1.154s] Level 1:colcon.colcon_core.package_identification:_identify(src) by extensions ['colcon_meta']
[1.155s] Level 1:colcon.colcon_core.package_identification:_identify(src) by extension 'colcon_meta'
[1.155s] Level 1:colcon.colcon_core.package_identification:_identify(src) by extensions ['ros']
[1.155s] Level 1:colcon.colcon_core.package_identification:_identify(src) by extension 'ros'
[1.155s] Level 1:colcon.colcon_core.package_identification:_identify(src) by extensions ['cmake', 'meson', 'python']
[1.155s] Level 1:colcon.colcon_core.package_identification:_identify(src) by extension 'cmake'
[1.155s] Level 1:colcon.colcon_core.package_identification:_identify(src) by extension 'meson'
[1.155s] Level 1:colcon.colcon_core.package_identification:_identify(src) by extension 'python'
[1.155s] Level 1:colcon.colcon_core.package_identification:_identify(src) by extensions ['python_setup_py']
[1.155s] Level 1:colcon.colcon_core.package_identification:_identify(src) by extension 'python_setup_py'
[1.156s] Level 1:colcon.colcon_core.package_identification:_identify(subscriber_pkg) by extensions ['ignore', 'ignore_ament_install']
[1.156s] Level 1:colcon.colcon_core.package_identification:_identify(subscriber_pkg) by extension 'ignore'
[1.156s] Level 1:colcon.colcon_core.package_identification:_identify(subscriber_pkg) by extension 'ignore_ament_install'
[1.156s] Level 1:colcon.colcon_core.package_identification:_identify(subscriber_pkg) by extensions ['colcon_pkg']
[1.156s] Level 1:colcon.colcon_core.package_identification:_identify(subscriber_pkg) by extension 'colcon_pkg'
[1.156s] Level 1:colcon.colcon_core.package_identification:_identify(subscriber_pkg) by extensions ['colcon_meta']
[1.156s] Level 1:colcon.colcon_core.package_identification:_identify(subscriber_pkg) by extension 'colcon_meta'
[1.156s] Level 1:colcon.colcon_core.package_identification:_identify(subscriber_pkg) by extensions ['ros']
[1.157s] Level 1:colcon.colcon_core.package_identification:_identify(subscriber_pkg) by extension 'ros'
[1.158s] DEBUG:colcon.colcon_core.package_identification:Package 'subscriber_pkg' with type 'ros.ament_python' and name 'subscriber_pkg'
[1.158s] Level 1:colcon.colcon_core.package_discovery:discover_packages(recursive) using defaults
[1.158s] Level 1:colcon.colcon_core.package_discovery:discover_packages(ignore) discover
[1.158s] Level 1:colcon.colcon_core.package_discovery:discover_packages(ignore) using defaults
[1.158s] Level 1:colcon.colcon_core.package_discovery:discover_packages(path) discover
[1.158s] Level 1:colcon.colcon_core.package_discovery:discover_packages(path) using defaults
[1.199s] INFO:colcon.colcon_core.package_selection:Skipping not selected package 'publisher_pkg' in 'publisher_pkg'
[1.200s] INFO:colcon.colcon_core.package_selection:Skipping not selected package 'subscriber_pkg' in 'subscriber_pkg'
[1.201s] Level 1:colcon.colcon_core.package_discovery:discover_packages(prefix_path) check parameters
[1.201s] Level 1:colcon.colcon_core.package_discovery:discover_packages(prefix_path) discover
[1.208s] DEBUG:colcon.colcon_installed_package_information.package_discovery:Found 2 installed packages in /home/user/ros2_ws/install
[1.210s] DEBUG:colcon.colcon_installed_package_information.package_discovery:Found 14 installed packages in /home/simulations/ros2_sims_ws/install
[1.215s] DEBUG:colcon.colcon_installed_package_information.package_discovery:Found 417 installed packages in /opt/ros/humble
[1.219s] Level 1:colcon.colcon_core.package_discovery:discover_packages(prefix_path) using defaults
[1.439s] Level 5:colcon.colcon_core.verb:set package 'exercise31_pkg' build argument 'cmake_args' from command line to 'None'
[1.439s] Level 5:colcon.colcon_core.verb:set package 'exercise31_pkg' build argument 'cmake_target' from command line to 'None'
[1.439s] Level 5:colcon.colcon_core.verb:set package 'exercise31_pkg' build argument 'cmake_target_skip_unavailable' from command line to 'False'
[1.440s] Level 5:colcon.colcon_core.verb:set package 'exercise31_pkg' build argument 'cmake_clean_cache' from command line to 'False'
[1.440s] Level 5:colcon.colcon_core.verb:set package 'exercise31_pkg' build argument 'cmake_clean_first' from command line to 'False'
[1.440s] Level 5:colcon.colcon_core.verb:set package 'exercise31_pkg' build argument 'cmake_force_configure' from command line to 'False'
[1.440s] Level 5:colcon.colcon_core.verb:set package 'exercise31_pkg' build argument 'meson_args' from command line to '[]'
[1.440s] Level 5:colcon.colcon_core.verb:set package 'exercise31_pkg' build argument 'ament_cmake_args' from command line to 'None'
[1.440s] Level 5:colcon.colcon_core.verb:set package 'exercise31_pkg' build argument 'catkin_cmake_args' from command line to 'None'
[1.440s] Level 5:colcon.colcon_core.verb:set package 'exercise31_pkg' build argument 'catkin_skip_building_tests' from command line to 'False'
[1.440s] DEBUG:colcon.colcon_core.verb:Building package 'exercise31_pkg' with the following arguments: {'ament_cmake_args': None, 'build_base': '/home/user/ros2_ws/build/exercise31_pkg', 'catkin_cmake_args': None, 'catkin_skip_building_tests': False, 'cmake_args': None, 'cmake_clean_cache': False, 'cmake_clean_first': False, 'cmake_force_configure': False, 'cmake_target': None, 'cmake_target_skip_unavailable': False, 'install_base': '/home/user/ros2_ws/install/exercise31_pkg', 'merge_install': False, 'meson_args': [], 'path': '/home/user/ros2_ws/exercise31_pkg', 'symlink_install': False, 'test_result_base': None}
[1.442s] INFO:colcon.colcon_core.executor:Executing jobs using 'parallel' executor
[1.448s] DEBUG:colcon.colcon_parallel_executor.executor.parallel:run_until_complete
[1.448s] INFO:colcon.colcon_ros.task.ament_python.build:Building ROS package in '/home/user/ros2_ws/exercise31_pkg' with build type 'ament_python'
[1.449s] Level 1:colcon.colcon_core.shell:create_environment_hook('exercise31_pkg', 'ament_prefix_path')
[1.456s] INFO:colcon.colcon_core.plugin_system:Skipping extension 'colcon_core.shell.bat': Not used on non-Windows systems
[1.457s] INFO:colcon.colcon_core.shell:Creating environment hook '/home/user/ros2_ws/install/exercise31_pkg/share/exercise31_pkg/hook/ament_prefix_path.ps1'
[1.458s] INFO:colcon.colcon_core.shell:Creating environment descriptor '/home/user/ros2_ws/install/exercise31_pkg/share/exercise31_pkg/hook/ament_prefix_path.dsv'
[1.459s] INFO:colcon.colcon_core.shell:Creating environment hook '/home/user/ros2_ws/install/exercise31_pkg/share/exercise31_pkg/hook/ament_prefix_path.sh'
[1.463s] INFO:colcon.colcon_core.shell:Skip shell extension 'powershell' for command environment: Not usable outside of PowerShell
[1.464s] DEBUG:colcon.colcon_core.shell:Skip shell extension 'dsv' for command environment
[2.072s] INFO:colcon.colcon_core.task.python.build:Building Python package in '/home/user/ros2_ws/exercise31_pkg'
[2.075s] INFO:colcon.colcon_core.shell:Skip shell extension 'powershell' for command environment: Not usable outside of PowerShell
[2.075s] DEBUG:colcon.colcon_core.shell:Skip shell extension 'dsv' for command environment
[2.878s] DEBUG:colcon.colcon_core.event_handler.log_command:Invoking command in '/home/user/ros2_ws/exercise31_pkg': PYTHONPATH=/home/user/ros2_ws/build/exercise31_pkg/prefix_override:/home/user/ros2_ws/install/exercise31_pkg/lib/python3.10/site-packages:${PYTHONPATH} _=/usr/bin/env /usr/bin/python3 setup.py egg_info --egg-base ../build/exercise31_pkg build --build-base /home/user/ros2_ws/build/exercise31_pkg/build install --record /home/user/ros2_ws/build/exercise31_pkg/install.log --single-version-externally-managed
[3.646s] Level 1:colcon.colcon_core.environment:checking '/home/user/ros2_ws/install/exercise31_pkg' for CMake module files
[3.647s] DEBUG:colcon.colcon_core.event_handler.log_command:Invoked command in '/home/user/ros2_ws/exercise31_pkg' returned '0': PYTHONPATH=/home/user/ros2_ws/build/exercise31_pkg/prefix_override:/home/user/ros2_ws/install/exercise31_pkg/lib/python3.10/site-packages:${PYTHONPATH} _=/usr/bin/env /usr/bin/python3 setup.py egg_info --egg-base ../build/exercise31_pkg build --build-base /home/user/ros2_ws/build/exercise31_pkg/build install --record /home/user/ros2_ws/build/exercise31_pkg/install.log --single-version-externally-managed
[3.647s] Level 1:colcon.colcon_core.environment:checking '/home/user/ros2_ws/install/exercise31_pkg' for CMake config files
[3.648s] Level 1:colcon.colcon_core.environment:checking '/home/user/ros2_ws/install/exercise31_pkg/lib'
[3.649s] Level 1:colcon.colcon_core.environment:checking '/home/user/ros2_ws/install/exercise31_pkg/bin'
[3.649s] Level 1:colcon.colcon_core.environment:checking '/home/user/ros2_ws/install/exercise31_pkg/lib/pkgconfig/exercise31_pkg.pc'
[3.649s] Level 1:colcon.colcon_core.environment:checking '/home/user/ros2_ws/install/exercise31_pkg/lib/python3.10/site-packages'
[3.650s] Level 1:colcon.colcon_core.shell:create_environment_hook('exercise31_pkg', 'pythonpath')
[3.652s] INFO:colcon.colcon_core.shell:Creating environment hook '/home/user/ros2_ws/install/exercise31_pkg/share/exercise31_pkg/hook/pythonpath.ps1'
[3.653s] INFO:colcon.colcon_core.shell:Creating environment descriptor '/home/user/ros2_ws/install/exercise31_pkg/share/exercise31_pkg/hook/pythonpath.dsv'
[3.653s] INFO:colcon.colcon_core.shell:Creating environment hook '/home/user/ros2_ws/install/exercise31_pkg/share/exercise31_pkg/hook/pythonpath.sh'
[3.654s] Level 1:colcon.colcon_core.environment:checking '/home/user/ros2_ws/install/exercise31_pkg/bin'
[3.654s] Level 1:colcon.colcon_core.environment:create_environment_scripts_only(exercise31_pkg)
[3.656s] INFO:colcon.colcon_core.shell:Creating package script '/home/user/ros2_ws/install/exercise31_pkg/share/exercise31_pkg/package.ps1'
[3.657s] INFO:colcon.colcon_core.shell:Creating package descriptor '/home/user/ros2_ws/install/exercise31_pkg/share/exercise31_pkg/package.dsv'
[3.658s] INFO:colcon.colcon_core.shell:Creating package script '/home/user/ros2_ws/install/exercise31_pkg/share/exercise31_pkg/package.sh'
[3.660s] INFO:colcon.colcon_core.shell:Creating package script '/home/user/ros2_ws/install/exercise31_pkg/share/exercise31_pkg/package.bash'
[3.661s] INFO:colcon.colcon_core.shell:Creating package script '/home/user/ros2_ws/install/exercise31_pkg/share/exercise31_pkg/package.zsh'
[3.662s] Level 1:colcon.colcon_core.environment:create_file_with_runtime_dependencies(/home/user/ros2_ws/install/exercise31_pkg/share/colcon-core/packages/exercise31_pkg)
[3.663s] DEBUG:colcon.colcon_parallel_executor.executor.parallel:closing loop
[3.664s] DEBUG:colcon.colcon_parallel_executor.executor.parallel:loop closed
[3.664s] DEBUG:colcon.colcon_parallel_executor.executor.parallel:run_until_complete finished with '0'
[3.664s] DEBUG:colcon.colcon_core.event_reactor:joining thread
[3.674s] INFO:colcon.colcon_core.plugin_system:Skipping extension 'colcon_notification.desktop_notification.notify_send': Could not find 'notify-send'
[3.675s] INFO:colcon.colcon_core.plugin_system:Skipping extension 'colcon_notification.desktop_notification.terminal_notifier': Not used on non-Darwin systems
[3.675s] INFO:colcon.colcon_core.plugin_system:Skipping extension 'colcon_notification.desktop_notification.win32': Not used on non-Windows systems
[3.675s] INFO:colcon.colcon_notification.desktop_notification:Sending desktop notification using 'notify2'
[3.678s] DEBUG:colcon.colcon_notification.desktop_notification.notify2:Failed to initialize notify2: org.freedesktop.DBus.Error.Spawn.ExecFailed: /usr/bin/dbus-launch terminated abnormally without any error message
[3.681s] DEBUG:colcon.colcon_core.event_reactor:joined thread
[3.685s] INFO:colcon.colcon_core.shell:Creating prefix script '/home/user/ros2_ws/install/local_setup.ps1'
[3.687s] INFO:colcon.colcon_core.shell:Creating prefix util module '/home/user/ros2_ws/install/_local_setup_util_ps1.py'
[3.690s] INFO:colcon.colcon_core.shell:Creating prefix chain script '/home/user/ros2_ws/install/setup.ps1'
[3.695s] INFO:colcon.colcon_core.shell:Creating prefix script '/home/user/ros2_ws/install/local_setup.sh'
[3.696s] INFO:colcon.colcon_core.shell:Creating prefix util module '/home/user/ros2_ws/install/_local_setup_util_sh.py'
[3.696s] INFO:colcon.colcon_core.shell:Creating prefix chain script '/home/user/ros2_ws/install/setup.sh'
[3.701s] INFO:colcon.colcon_core.shell:Creating prefix script '/home/user/ros2_ws/install/local_setup.bash'
[3.702s] INFO:colcon.colcon_core.shell:Creating prefix chain script '/home/user/ros2_ws/install/setup.bash'
[3.706s] INFO:colcon.colcon_core.shell:Creating prefix script '/home/user/ros2_ws/install/local_setup.zsh'
[3.706s] INFO:colcon.colcon_core.shell:Creating prefix chain script '/home/user/ros2_ws/install/setup.zsh'
